{"/home/cherfa/version/JSAU/jsau-apiserver/app.js": {"path":"/home/cherfa/version/JSAU/jsau-apiserver/app.js","statementMap":{"0":{"start":{"line":1,"column":16},"end":{"line":1,"column":34}},"1":{"start":{"line":3,"column":12},"end":{"line":3,"column":21}},"2":{"start":{"line":4,"column":17},"end":{"line":4,"column":36}},"3":{"start":{"line":5,"column":19},"end":{"line":5,"column":41}},"4":{"start":{"line":6,"column":12},"end":{"line":6,"column":27}},"5":{"start":{"line":9,"column":0},"end":{"line":16,"column":1}},"6":{"start":{"line":10,"column":4},"end":{"line":10,"column":32}},"7":{"start":{"line":11,"column":4},"end":{"line":11,"column":63}},"8":{"start":{"line":13,"column":4},"end":{"line":13,"column":38}},"9":{"start":{"line":15,"column":4},"end":{"line":15,"column":58}},"10":{"start":{"line":17,"column":13},"end":{"line":17,"column":37}},"11":{"start":{"line":18,"column":13},"end":{"line":18,"column":42}},"12":{"start":{"line":20,"column":19},"end":{"line":20,"column":55}},"13":{"start":{"line":22,"column":0},"end":{"line":22,"column":49}},"14":{"start":{"line":23,"column":0},"end":{"line":23,"column":27}},"15":{"start":{"line":24,"column":0},"end":{"line":24,"column":16}},"16":{"start":{"line":26,"column":0},"end":{"line":26,"column":28}},"17":{"start":{"line":28,"column":0},"end":{"line":36,"column":3}},"18":{"start":{"line":29,"column":4},"end":{"line":34,"column":5}},"19":{"start":{"line":30,"column":8},"end":{"line":30,"column":30}},"20":{"start":{"line":32,"column":8},"end":{"line":32,"column":24}},"21":{"start":{"line":33,"column":8},"end":{"line":33,"column":17}},"22":{"start":{"line":38,"column":0},"end":{"line":45,"column":3}},"23":{"start":{"line":39,"column":4},"end":{"line":44,"column":5}},"24":{"start":{"line":40,"column":8},"end":{"line":40,"column":55}},"25":{"start":{"line":42,"column":8},"end":{"line":42,"column":24}},"26":{"start":{"line":43,"column":8},"end":{"line":43,"column":17}},"27":{"start":{"line":46,"column":0},"end":{"line":48,"column":3}},"28":{"start":{"line":47,"column":4},"end":{"line":47,"column":45}},"29":{"start":{"line":50,"column":0},"end":{"line":50,"column":20}}},"fnMap":{"0":{"name":"(anonymous_0)","decl":{"start":{"line":28,"column":13},"end":{"line":28,"column":14}},"loc":{"start":{"line":28,"column":33},"end":{"line":36,"column":1}},"line":28},"1":{"name":"(anonymous_1)","decl":{"start":{"line":38,"column":16},"end":{"line":38,"column":17}},"loc":{"start":{"line":38,"column":33},"end":{"line":45,"column":1}},"line":38},"2":{"name":"(anonymous_2)","decl":{"start":{"line":46,"column":29},"end":{"line":46,"column":30}},"loc":{"start":{"line":46,"column":35},"end":{"line":48,"column":1}},"line":46}},"branchMap":{"0":{"loc":{"start":{"line":9,"column":0},"end":{"line":16,"column":1}},"type":"if","locations":[{"start":{"line":9,"column":0},"end":{"line":16,"column":1}},{"start":{"line":9,"column":0},"end":{"line":16,"column":1}}],"line":9},"1":{"loc":{"start":{"line":17,"column":13},"end":{"line":17,"column":37}},"type":"binary-expr","locations":[{"start":{"line":17,"column":13},"end":{"line":17,"column":29}},{"start":{"line":17,"column":33},"end":{"line":17,"column":37}}],"line":17}},"s":{"0":1,"1":1,"2":1,"3":1,"4":1,"5":1,"6":1,"7":1,"8":0,"9":0,"10":1,"11":1,"12":1,"13":1,"14":1,"15":1,"16":1,"17":1,"18":0,"19":0,"20":0,"21":0,"22":1,"23":0,"24":0,"25":0,"26":0,"27":1,"28":1,"29":1},"f":{"0":0,"1":0,"2":1},"b":{"0":[1,0],"1":[1,1]},"_coverageSchema":"1a1c01bbd47fc00a2c39e90264f33305004495a9","hash":"22871c8676fea74513c428ed808b0c281f97a375","contentHash":"9d7fbf6155976feb32aa89752cd8b8ad244d2f305f5369bde22c98fa5f3e6915"}
,"/home/cherfa/version/JSAU/jsau-apiserver/controllers/booksController.js": {"path":"/home/cherfa/version/JSAU/jsau-apiserver/controllers/booksController.js","statementMap":{"0":{"start":{"line":3,"column":21},"end":{"line":3,"column":39}},"1":{"start":{"line":4,"column":8},"end":{"line":7,"column":9}},"2":{"start":{"line":5,"column":12},"end":{"line":5,"column":28}},"3":{"start":{"line":6,"column":12},"end":{"line":6,"column":49}},"4":{"start":{"line":8,"column":8},"end":{"line":8,"column":20}},"5":{"start":{"line":9,"column":8},"end":{"line":9,"column":24}},"6":{"start":{"line":10,"column":8},"end":{"line":10,"column":30}},"7":{"start":{"line":14,"column":22},"end":{"line":14,"column":24}},"8":{"start":{"line":15,"column":8},"end":{"line":17,"column":9}},"9":{"start":{"line":16,"column":12},"end":{"line":16,"column":42}},"10":{"start":{"line":18,"column":8},"end":{"line":30,"column":11}},"11":{"start":{"line":19,"column":12},"end":{"line":21,"column":13}},"12":{"start":{"line":20,"column":16},"end":{"line":20,"column":37}},"13":{"start":{"line":23,"column":32},"end":{"line":28,"column":14}},"14":{"start":{"line":24,"column":32},"end":{"line":24,"column":45}},"15":{"start":{"line":25,"column":16},"end":{"line":25,"column":34}},"16":{"start":{"line":26,"column":16},"end":{"line":26,"column":86}},"17":{"start":{"line":27,"column":16},"end":{"line":27,"column":31}},"18":{"start":{"line":29,"column":12},"end":{"line":29,"column":41}},"19":{"start":{"line":33,"column":4},"end":{"line":33,"column":23}},"20":{"start":{"line":36,"column":0},"end":{"line":36,"column":33}}},"fnMap":{"0":{"name":"booksController","decl":{"start":{"line":1,"column":9},"end":{"line":1,"column":24}},"loc":{"start":{"line":1,"column":31},"end":{"line":34,"column":1}},"line":1},"1":{"name":"post","decl":{"start":{"line":2,"column":13},"end":{"line":2,"column":17}},"loc":{"start":{"line":2,"column":28},"end":{"line":11,"column":5}},"line":2},"2":{"name":"get","decl":{"start":{"line":13,"column":13},"end":{"line":13,"column":16}},"loc":{"start":{"line":13,"column":27},"end":{"line":31,"column":5}},"line":13},"3":{"name":"(anonymous_3)","decl":{"start":{"line":18,"column":25},"end":{"line":18,"column":26}},"loc":{"start":{"line":18,"column":41},"end":{"line":30,"column":9}},"line":18},"4":{"name":"(anonymous_4)","decl":{"start":{"line":23,"column":42},"end":{"line":23,"column":43}},"loc":{"start":{"line":23,"column":50},"end":{"line":28,"column":13}},"line":23}},"branchMap":{"0":{"loc":{"start":{"line":4,"column":8},"end":{"line":7,"column":9}},"type":"if","locations":[{"start":{"line":4,"column":8},"end":{"line":7,"column":9}},{"start":{"line":4,"column":8},"end":{"line":7,"column":9}}],"line":4},"1":{"loc":{"start":{"line":15,"column":8},"end":{"line":17,"column":9}},"type":"if","locations":[{"start":{"line":15,"column":8},"end":{"line":17,"column":9}},{"start":{"line":15,"column":8},"end":{"line":17,"column":9}}],"line":15},"2":{"loc":{"start":{"line":19,"column":12},"end":{"line":21,"column":13}},"type":"if","locations":[{"start":{"line":19,"column":12},"end":{"line":21,"column":13}},{"start":{"line":19,"column":12},"end":{"line":21,"column":13}}],"line":19}},"s":{"0":2,"1":2,"2":1,"3":1,"4":1,"5":1,"6":1,"7":0,"8":0,"9":0,"10":0,"11":0,"12":0,"13":0,"14":0,"15":0,"16":0,"17":0,"18":0,"19":2,"20":1},"f":{"0":2,"1":2,"2":0,"3":0,"4":0},"b":{"0":[1,1],"1":[0,0],"2":[0,0]},"_coverageSchema":"1a1c01bbd47fc00a2c39e90264f33305004495a9","hash":"586dc33074fcdaf4d0d3c6a87a686c5763dc03b2","contentHash":"92fc5a453fc272f4b215b2f42cfafc1b1b0eabfbc35a72ff33a0900fa5b57068"}
,"/home/cherfa/version/JSAU/jsau-apiserver/routes/bookRouter.js": {"path":"/home/cherfa/version/JSAU/jsau-apiserver/routes/bookRouter.js","statementMap":{"0":{"start":{"line":2,"column":16},"end":{"line":2,"column":34}},"1":{"start":{"line":3,"column":24},"end":{"line":3,"column":65}},"2":{"start":{"line":6,"column":23},"end":{"line":6,"column":39}},"3":{"start":{"line":7,"column":23},"end":{"line":7,"column":44}},"4":{"start":{"line":8,"column":4},"end":{"line":10,"column":29}},"5":{"start":{"line":12,"column":4},"end":{"line":23,"column":7}},"6":{"start":{"line":13,"column":8},"end":{"line":22,"column":11}},"7":{"start":{"line":14,"column":12},"end":{"line":16,"column":13}},"8":{"start":{"line":15,"column":16},"end":{"line":15,"column":37}},"9":{"start":{"line":17,"column":12},"end":{"line":20,"column":13}},"10":{"start":{"line":18,"column":16},"end":{"line":18,"column":32}},"11":{"start":{"line":19,"column":16},"end":{"line":19,"column":30}},"12":{"start":{"line":21,"column":12},"end":{"line":21,"column":39}},"13":{"start":{"line":25,"column":4},"end":{"line":72,"column":11}},"14":{"start":{"line":27,"column":29},"end":{"line":27,"column":46}},"15":{"start":{"line":29,"column":12},"end":{"line":29,"column":34}},"16":{"start":{"line":30,"column":25},"end":{"line":30,"column":39}},"17":{"start":{"line":31,"column":12},"end":{"line":31,"column":102}},"18":{"start":{"line":32,"column":12},"end":{"line":32,"column":33}},"19":{"start":{"line":35,"column":27},"end":{"line":35,"column":30}},"20":{"start":{"line":36,"column":12},"end":{"line":36,"column":40}},"21":{"start":{"line":37,"column":12},"end":{"line":37,"column":42}},"22":{"start":{"line":38,"column":12},"end":{"line":38,"column":40}},"23":{"start":{"line":39,"column":12},"end":{"line":39,"column":40}},"24":{"start":{"line":40,"column":12},"end":{"line":40,"column":46}},"25":{"start":{"line":41,"column":12},"end":{"line":41,"column":48}},"26":{"start":{"line":42,"column":12},"end":{"line":47,"column":15}},"27":{"start":{"line":43,"column":16},"end":{"line":45,"column":17}},"28":{"start":{"line":44,"column":20},"end":{"line":44,"column":41}},"29":{"start":{"line":46,"column":16},"end":{"line":46,"column":38}},"30":{"start":{"line":50,"column":21},"end":{"line":50,"column":24}},"31":{"start":{"line":52,"column":12},"end":{"line":55,"column":13}},"32":{"start":{"line":54,"column":16},"end":{"line":54,"column":36}},"33":{"start":{"line":56,"column":12},"end":{"line":60,"column":15}},"34":{"start":{"line":57,"column":27},"end":{"line":57,"column":34}},"35":{"start":{"line":58,"column":30},"end":{"line":58,"column":37}},"36":{"start":{"line":59,"column":16},"end":{"line":59,"column":34}},"37":{"start":{"line":61,"column":12},"end":{"line":66,"column":15}},"38":{"start":{"line":62,"column":15},"end":{"line":64,"column":16}},"39":{"start":{"line":63,"column":19},"end":{"line":63,"column":40}},"40":{"start":{"line":65,"column":15},"end":{"line":65,"column":37}},"41":{"start":{"line":69,"column":12},"end":{"line":71,"column":44}},"42":{"start":{"line":71,"column":29},"end":{"line":71,"column":42}},"43":{"start":{"line":73,"column":4},"end":{"line":73,"column":22}},"44":{"start":{"line":76,"column":0},"end":{"line":76,"column":24}}},"fnMap":{"0":{"name":"routes","decl":{"start":{"line":5,"column":9},"end":{"line":5,"column":15}},"loc":{"start":{"line":5,"column":22},"end":{"line":74,"column":1}},"line":5},"1":{"name":"(anonymous_1)","decl":{"start":{"line":12,"column":37},"end":{"line":12,"column":38}},"loc":{"start":{"line":12,"column":57},"end":{"line":23,"column":5}},"line":12},"2":{"name":"(anonymous_2)","decl":{"start":{"line":13,"column":41},"end":{"line":13,"column":42}},"loc":{"start":{"line":13,"column":56},"end":{"line":22,"column":9}},"line":13},"3":{"name":"(anonymous_3)","decl":{"start":{"line":26,"column":13},"end":{"line":26,"column":14}},"loc":{"start":{"line":26,"column":26},"end":{"line":33,"column":9}},"line":26},"4":{"name":"(anonymous_4)","decl":{"start":{"line":34,"column":13},"end":{"line":34,"column":14}},"loc":{"start":{"line":34,"column":27},"end":{"line":48,"column":9}},"line":34},"5":{"name":"(anonymous_5)","decl":{"start":{"line":42,"column":26},"end":{"line":42,"column":27}},"loc":{"start":{"line":42,"column":33},"end":{"line":47,"column":13}},"line":42},"6":{"name":"(anonymous_6)","decl":{"start":{"line":49,"column":15},"end":{"line":49,"column":16}},"loc":{"start":{"line":49,"column":26},"end":{"line":67,"column":9}},"line":49},"7":{"name":"(anonymous_7)","decl":{"start":{"line":56,"column":45},"end":{"line":56,"column":46}},"loc":{"start":{"line":56,"column":53},"end":{"line":60,"column":13}},"line":56},"8":{"name":"(anonymous_8)","decl":{"start":{"line":61,"column":26},"end":{"line":61,"column":27}},"loc":{"start":{"line":61,"column":33},"end":{"line":66,"column":13}},"line":61},"9":{"name":"(anonymous_9)","decl":{"start":{"line":68,"column":16},"end":{"line":68,"column":17}},"loc":{"start":{"line":68,"column":27},"end":{"line":72,"column":9}},"line":68},"10":{"name":"(anonymous_10)","decl":{"start":{"line":71,"column":23},"end":{"line":71,"column":24}},"loc":{"start":{"line":71,"column":29},"end":{"line":71,"column":42}},"line":71}},"branchMap":{"0":{"loc":{"start":{"line":14,"column":12},"end":{"line":16,"column":13}},"type":"if","locations":[{"start":{"line":14,"column":12},"end":{"line":16,"column":13}},{"start":{"line":14,"column":12},"end":{"line":16,"column":13}}],"line":14},"1":{"loc":{"start":{"line":17,"column":12},"end":{"line":20,"column":13}},"type":"if","locations":[{"start":{"line":17,"column":12},"end":{"line":20,"column":13}},{"start":{"line":17,"column":12},"end":{"line":20,"column":13}}],"line":17},"2":{"loc":{"start":{"line":43,"column":16},"end":{"line":45,"column":17}},"type":"if","locations":[{"start":{"line":43,"column":16},"end":{"line":45,"column":17}},{"start":{"line":43,"column":16},"end":{"line":45,"column":17}}],"line":43},"3":{"loc":{"start":{"line":52,"column":12},"end":{"line":55,"column":13}},"type":"if","locations":[{"start":{"line":52,"column":12},"end":{"line":55,"column":13}},{"start":{"line":52,"column":12},"end":{"line":55,"column":13}}],"line":52},"4":{"loc":{"start":{"line":62,"column":15},"end":{"line":64,"column":16}},"type":"if","locations":[{"start":{"line":62,"column":15},"end":{"line":64,"column":16}},{"start":{"line":62,"column":15},"end":{"line":64,"column":16}}],"line":62}},"s":{"0":1,"1":1,"2":1,"3":1,"4":1,"5":1,"6":0,"7":0,"8":0,"9":0,"10":0,"11":0,"12":0,"13":1,"14":0,"15":0,"16":0,"17":0,"18":0,"19":0,"20":0,"21":0,"22":0,"23":0,"24":0,"25":0,"26":0,"27":0,"28":0,"29":0,"30":0,"31":0,"32":0,"33":0,"34":0,"35":0,"36":0,"37":0,"38":0,"39":0,"40":0,"41":0,"42":0,"43":1,"44":1},"f":{"0":1,"1":0,"2":0,"3":0,"4":0,"5":0,"6":0,"7":0,"8":0,"9":0,"10":0},"b":{"0":[0,0],"1":[0,0],"2":[0,0],"3":[0,0],"4":[0,0]},"_coverageSchema":"1a1c01bbd47fc00a2c39e90264f33305004495a9","hash":"f7785e76df5539a4c188ebfef9a1c26cab6893ec","contentHash":"4178085cb6cec5afd9393dc2783150dab438e7b1114e02fa826cc34d6f9c20b9"}
,"/home/cherfa/version/JSAU/jsau-apiserver/test/bookControllerTests.js": {"path":"/home/cherfa/version/JSAU/jsau-apiserver/test/bookControllerTests.js","statementMap":{"0":{"start":{"line":1,"column":14},"end":{"line":1,"column":30}},"1":{"start":{"line":2,"column":24},"end":{"line":2,"column":65}},"2":{"start":{"line":4,"column":0},"end":{"line":27,"column":3}},"3":{"start":{"line":5,"column":4},"end":{"line":26,"column":7}},"4":{"start":{"line":6,"column":8},"end":{"line":25,"column":11}},"5":{"start":{"line":7,"column":21},"end":{"line":7,"column":55}},"6":{"start":{"line":7,"column":34},"end":{"line":7,"column":54}},"7":{"start":{"line":9,"column":20},"end":{"line":13,"column":9}},"8":{"start":{"line":15,"column":19},"end":{"line":19,"column":9}},"9":{"start":{"line":20,"column":26},"end":{"line":20,"column":46}},"10":{"start":{"line":21,"column":8},"end":{"line":21,"column":33}},"11":{"start":{"line":23,"column":8},"end":{"line":23,"column":90}},"12":{"start":{"line":24,"column":8},"end":{"line":24,"column":68}}},"fnMap":{"0":{"name":"(anonymous_0)","decl":{"start":{"line":4,"column":35},"end":{"line":4,"column":36}},"loc":{"start":{"line":4,"column":39},"end":{"line":27,"column":1}},"line":4},"1":{"name":"(anonymous_1)","decl":{"start":{"line":5,"column":20},"end":{"line":5,"column":21}},"loc":{"start":{"line":5,"column":24},"end":{"line":26,"column":5}},"line":5},"2":{"name":"(anonymous_2)","decl":{"start":{"line":6,"column":56},"end":{"line":6,"column":57}},"loc":{"start":{"line":6,"column":61},"end":{"line":25,"column":9}},"line":6},"3":{"name":"(anonymous_3)","decl":{"start":{"line":7,"column":21},"end":{"line":7,"column":22}},"loc":{"start":{"line":7,"column":33},"end":{"line":7,"column":55}},"line":7},"4":{"name":"(anonymous_4)","decl":{"start":{"line":7,"column":46},"end":{"line":7,"column":47}},"loc":{"start":{"line":7,"column":52},"end":{"line":7,"column":54}},"line":7}},"branchMap":{},"s":{"0":1,"1":1,"2":1,"3":1,"4":1,"5":1,"6":1,"7":1,"8":1,"9":1,"10":1,"11":1,"12":1},"f":{"0":1,"1":1,"2":1,"3":1,"4":0},"b":{},"_coverageSchema":"1a1c01bbd47fc00a2c39e90264f33305004495a9","hash":"69c70b99b0498a4753f84227b563a62293d2b4b8","contentHash":"dbe7d44c6c1a559822a57b069f7df385663daa199f314f1bf1eeea26e1ab8232"}
,"/home/cherfa/version/JSAU/jsau-apiserver/test/booksintegrationTests.js": {"path":"/home/cherfa/version/JSAU/jsau-apiserver/test/booksintegrationTests.js","statementMap":{"0":{"start":{"line":1,"column":0},"end":{"line":1,"column":18}},"1":{"start":{"line":3,"column":16},"end":{"line":3,"column":36}},"2":{"start":{"line":4,"column":17},"end":{"line":4,"column":36}},"3":{"start":{"line":6,"column":0},"end":{"line":6,"column":23}},"4":{"start":{"line":8,"column":11},"end":{"line":8,"column":28}},"5":{"start":{"line":9,"column":13},"end":{"line":9,"column":43}},"6":{"start":{"line":10,"column":14},"end":{"line":10,"column":32}},"7":{"start":{"line":12,"column":0},"end":{"line":35,"column":3}},"8":{"start":{"line":13,"column":3},"end":{"line":24,"column":7}},"9":{"start":{"line":14,"column":23},"end":{"line":14,"column":98}},"10":{"start":{"line":16,"column":7},"end":{"line":23,"column":14}},"11":{"start":{"line":20,"column":14},"end":{"line":20,"column":64}},"12":{"start":{"line":21,"column":14},"end":{"line":21,"column":55}},"13":{"start":{"line":22,"column":14},"end":{"line":22,"column":21}},"14":{"start":{"line":26,"column":3},"end":{"line":29,"column":6}},"15":{"start":{"line":27,"column":6},"end":{"line":27,"column":33}},"16":{"start":{"line":28,"column":6},"end":{"line":28,"column":13}},"17":{"start":{"line":31,"column":3},"end":{"line":34,"column":5}},"18":{"start":{"line":32,"column":7},"end":{"line":32,"column":35}},"19":{"start":{"line":33,"column":7},"end":{"line":33,"column":32}}},"fnMap":{"0":{"name":"(anonymous_0)","decl":{"start":{"line":12,"column":26},"end":{"line":12,"column":27}},"loc":{"start":{"line":12,"column":30},"end":{"line":35,"column":1}},"line":12},"1":{"name":"(anonymous_1)","decl":{"start":{"line":13,"column":65},"end":{"line":13,"column":66}},"loc":{"start":{"line":13,"column":73},"end":{"line":24,"column":4}},"line":13},"2":{"name":"(anonymous_2)","decl":{"start":{"line":19,"column":16},"end":{"line":19,"column":17}},"loc":{"start":{"line":19,"column":31},"end":{"line":23,"column":12}},"line":19},"3":{"name":"(anonymous_3)","decl":{"start":{"line":26,"column":13},"end":{"line":26,"column":14}},"loc":{"start":{"line":26,"column":21},"end":{"line":29,"column":4}},"line":26},"4":{"name":"(anonymous_4)","decl":{"start":{"line":31,"column":9},"end":{"line":31,"column":10}},"loc":{"start":{"line":31,"column":17},"end":{"line":34,"column":4}},"line":31}},"branchMap":{},"s":{"0":1,"1":1,"2":1,"3":1,"4":1,"5":1,"6":1,"7":1,"8":1,"9":1,"10":1,"11":1,"12":1,"13":1,"14":1,"15":1,"16":1,"17":1,"18":1,"19":1},"f":{"0":1,"1":1,"2":1,"3":1,"4":1},"b":{},"_coverageSchema":"1a1c01bbd47fc00a2c39e90264f33305004495a9","hash":"5189a3e939b2e7433f2deee7c8bdfa74b18ab06c","contentHash":"13f5fcb3a00dd5e8fd8b38ea11220bc45627394e4e025ecb57d9395d50f8db29"}
}
