TN:
SF:app.js
FN:28,(anonymous_0)
FN:38,(anonymous_1)
FN:46,(anonymous_2)
FNF:3
FNH:1
FNDA:0,(anonymous_0)
FNDA:0,(anonymous_1)
FNDA:1,(anonymous_2)
DA:1,1
DA:3,1
DA:4,1
DA:5,1
DA:6,1
DA:9,1
DA:10,1
DA:11,1
DA:13,0
DA:15,0
DA:17,1
DA:18,1
DA:20,1
DA:22,1
DA:23,1
DA:24,1
DA:26,1
DA:28,1
DA:29,0
DA:30,0
DA:32,0
DA:33,0
DA:38,1
DA:39,0
DA:40,0
DA:42,0
DA:43,0
DA:46,1
DA:47,1
DA:50,1
LF:30
LH:20
BRDA:9,0,0,1
BRDA:9,0,1,0
BRDA:17,1,0,1
BRDA:17,1,1,1
BRF:4
BRH:3
end_of_record
TN:
SF:models\bookModel.js
FNF:0
FNH:0
DA:1,1
DA:3,1
DA:5,1
DA:16,1
LF:4
LH:4
BRF:0
BRH:0
end_of_record
TN:
SF:src\controllers\booksController.js
FN:1,booksController
FN:2,post
FN:13,get
FN:18,(anonymous_3)
FN:23,(anonymous_4)
FNF:5
FNH:2
FNDA:2,booksController
FNDA:2,post
FNDA:0,get
FNDA:0,(anonymous_3)
FNDA:0,(anonymous_4)
DA:3,2
DA:4,2
DA:5,1
DA:6,1
DA:8,1
DA:9,1
DA:10,1
DA:14,0
DA:15,0
DA:16,0
DA:18,0
DA:19,0
DA:20,0
DA:23,0
DA:24,0
DA:25,0
DA:26,0
DA:27,0
DA:29,0
DA:33,2
DA:36,1
LF:21
LH:9
BRDA:4,0,0,1
BRDA:4,0,1,1
BRDA:15,1,0,0
BRDA:15,1,1,0
BRDA:19,2,0,0
BRDA:19,2,1,0
BRF:6
BRH:2
end_of_record
TN:
SF:src\routes\bookRouter.js
FN:5,routes
FN:12,(anonymous_1)
FN:13,(anonymous_2)
FN:26,(anonymous_3)
FN:34,(anonymous_4)
FN:42,(anonymous_5)
FN:49,(anonymous_6)
FN:56,(anonymous_7)
FN:61,(anonymous_8)
FN:68,(anonymous_9)
FN:71,(anonymous_10)
FNF:11
FNH:1
FNDA:1,routes
FNDA:0,(anonymous_1)
FNDA:0,(anonymous_2)
FNDA:0,(anonymous_3)
FNDA:0,(anonymous_4)
FNDA:0,(anonymous_5)
FNDA:0,(anonymous_6)
FNDA:0,(anonymous_7)
FNDA:0,(anonymous_8)
FNDA:0,(anonymous_9)
FNDA:0,(anonymous_10)
DA:2,1
DA:3,1
DA:6,1
DA:7,1
DA:8,1
DA:12,1
DA:13,0
DA:14,0
DA:15,0
DA:17,0
DA:18,0
DA:19,0
DA:21,0
DA:25,1
DA:27,0
DA:29,0
DA:30,0
DA:31,0
DA:32,0
DA:35,0
DA:36,0
DA:37,0
DA:38,0
DA:39,0
DA:40,0
DA:41,0
DA:42,0
DA:43,0
DA:44,0
DA:46,0
DA:50,0
DA:52,0
DA:54,0
DA:56,0
DA:57,0
DA:58,0
DA:59,0
DA:61,0
DA:62,0
DA:63,0
DA:65,0
DA:69,0
DA:71,0
DA:73,1
DA:76,1
LF:45
LH:9
BRDA:14,0,0,0
BRDA:14,0,1,0
BRDA:17,1,0,0
BRDA:17,1,1,0
BRDA:43,2,0,0
BRDA:43,2,1,0
BRDA:52,3,0,0
BRDA:52,3,1,0
BRDA:62,4,0,0
BRDA:62,4,1,0
BRF:10
BRH:0
end_of_record
